<?xml version="1.0" encoding="UTF-8"?>
<!-- Generated by org.testng.reporters.JUnitXMLReporter -->
<testsuite ignored="0" hostname="TS1WLKP" failures="1" tests="3" name="SafariTest" time="89.603" errors="0" timestamp="2024-09-16T18:24:24 IST">
  <testcase classname="lambdaTestAssignment_Final.ParallelExecution.ChromeAndSafari" name="testScenario1" time="17.588"/>
  <testcase classname="lambdaTestAssignment_Final.ParallelExecution.ChromeAndSafari" name="testScenario2" time="7.473"/>
  <testcase classname="lambdaTestAssignment_Final.ParallelExecution.ChromeAndSafari" name="testScenario3" time="14.149">
    <failure type="java.lang.AssertionError" message="Error message validation failed! The message was: Fill out this field expected [true] but found [false]">
      <![CDATA[java.lang.AssertionError: Error message validation failed! The message was: Fill out this field expected [true] but found [false]
at lambdaTestAssignment_Final.ParallelExecution.ChromeAndSafari.testScenario3(ChromeAndSafari.java:173)
at java.base/java.util.ArrayList.forEach(ArrayList.java:1511)
at java.base/java.util.concurrent.FutureTask.run(FutureTask.java:264)
at java.base/java.util.concurrent.ThreadPoolExecutor.runWorker(ThreadPoolExecutor.java:1136)
at java.base/java.util.concurrent.ThreadPoolExecutor$Worker.run(ThreadPoolExecutor.java:635)
at java.base/java.lang.Thread.run(Thread.java:833)
... Removed 21 stack frames]]>
    </failure>
  </testcase> <!-- testScenario3 -->
</testsuite> <!-- SafariTest -->
